-- Create table to insert summaries.
create table popular_products
(
  review_summary jsonb,
  year double precision,
  month double precision
);
set topn.number_of_counters to 1000;
-- Create different summaries by grouping the reviews according to their year and month.
insert into
  popular_products(review_summary, year, month )
select
  topn_add_agg(product_id),
  extract(year from review_date) as year,
  extract(month from review_date) as month
from
  customer_reviews
group by
  year,
  month;
-- Create another table for the merged results.
create table
  overall_result(merged_summary jsonb);
-- Let's merge the summaries for the overall result and check top-20 items.
insert into
  overall_result(merged_summary)
select
  topn_union_agg(review_summary)
from
  popular_products;
select
  (topn(merged_summary, 20)).*
from
  overall_result
order by 2 DESC, 1;
    item    | frequency 
------------+-----------
 0671003755 |       576
 0613033205 |       575
 0671014730 |       575
 0743527550 |       574
 0375402926 |       559
 0871136791 |       558
 0375700757 |       557
 0679460691 |       557
 0613221583 |       538
 0812550293 |       538
 1575110458 |       538
 1590073983 |       538
 1590073991 |       538
 0375402675 |       525
 0375403477 |       525
 0375703241 |       525
 0399143904 |       525
 0425170349 |       525
 0613222407 |       525
 0765342294 |       509
(20 rows)

-- Test window functions
CREATE TABLE daily_populars
(
  date DATE,
  agg_data JSONB
);
INSERT INTO daily_populars
  SELECT
    date_trunc('day', review_date),
    topn_add_agg(product_id)
  FROM 
    customer_reviews
  GROUP BY 
    1;
SELECT 
  date, 
  topn_union_agg(agg_data) OVER seven_days 
FROM 
  daily_populars 
WINDOW 
  seven_days AS (ORDER BY date ASC ROWS 6 PRECEDING)
ORDER BY 
  1
LIMIT 5;
    date    |                                                                               topn_union_agg                                                                               
------------+----------------------------------------------------------------------------------------------------------------------------------------------------------------------------
 12-30-1970 | {"1551802538": 1, "1551803542": 1}
 06-19-1995 | {"0898624932": 1, "1551802538": 1, "1551803542": 1}
 06-23-1995 | {"0521469112": 1, "0898624932": 1, "1551802538": 1, "1551803542": 1}
 07-14-1995 | {"0521469112": 1, "0679722955": 1, "0898624932": 1, "1551802538": 1, "1551803542": 1}
 07-18-1995 | {"0195069056": 1, "0471114251": 1, "0517887290": 1, "0521469112": 1, "0679722955": 1, "0898624932": 1, "0962344788": 1, "1551802538": 1, "1551803542": 1, "1574531093": 1}
(5 rows)

-- The same query with custome counter
SELECT 
  date, 
  topn_union_agg(agg_data, 3) OVER seven_days 
FROM 
  daily_populars 
WINDOW 
  seven_days AS (ORDER BY date ASC ROWS 6 PRECEDING)
ORDER BY 
  1
LIMIT 5;
    date    |                   topn_union_agg                    
------------+-----------------------------------------------------
 12-30-1970 | {"1551802538": 1, "1551803542": 1}
 06-19-1995 | {"0898624932": 1, "1551802538": 1, "1551803542": 1}
 06-23-1995 | {"0898624932": 1, "1551802538": 1, "1551803542": 1}
 07-14-1995 | {"0898624932": 1, "1551802538": 1, "1551803542": 1}
 07-18-1995 | {"0898624932": 1, "1551802538": 1, "1551803542": 1}
(5 rows)

